p/IMG107.jpg 1 0 0 150 60
p/IMG108.jpg 1 0 0 150 60
p/IMG109.jpg 1 0 0 150 60
p/IMG110.jpg 1 0 0 150 60
p/IMG111.jpg 1 0 0 150 60
p/IMG112.jpg 1 0 0 150 60
p/IMG113.jpg 1 0 0 150 60
p/IMG114.jpg 1 0 0 150 60
p/IMG115.jpg 1 0 0 150 60
p/62.jpg 1 0 0 150 60
p/65.jpg 1 0 0 150 60
p/80.jpg 1 0 0 150 60
p/66.jpg 1 0 0 150 60
p/67.jpg 1 0 0 150 60
p/82.jpg 1 0 0 150 60
p/84.jpg 1 0 0 150 60
p/83.jpg 1 0 0 150 60
p/79.jpg 1 0 0 150 60
p/61.jpg 1 0 0 150 60
p/68.jpg 1 0 0 150 60
p/77.jpg 1 0 0 150 60
p/75.jpg 1 0 0 150 60
p/76.jpg 1 0 0 150 60
p/70.jpg 1 0 0 150 60
p/73.jpg 1 0 0 150 60
p/71.jpg 1 0 0 150 60
p/63.jpg 1 0 0 150 60
p/69.jpg 1 0 0 150 60
p/78.jpg 1 0 0 150 60
p/72.jpg 1 0 0 150 60
p/81.jpg 1 0 0 150 60
p/60.jpg 1 0 0 150 60
p/64.jpg 1 0 0 150 60
p/74.jpg 1 0 0 150 60
p/46.jpg 1 0 0 150 60
p/47.jpg 1 0 0 150 60
p/48.jpg 1 0 0 150 60
p/49.jpg 1 0 0 150 60
p/50.jpg 1 0 0 150 60
p/51.jpg 1 0 0 150 60
p/52.jpg 1 0 0 150 60
p/53.jpg 1 0 0 150 60
p/55.jpg 1 0 0 150 60
p/56.jpg 1 0 0 150 60
p/57.jpg 1 0 0 150 60
p/104.jpg 1 0 0 150 60
p/101.jpg 1 0 0 150 60
p/98.jpg 1 0 0 150 60
p/96.jpg 1 0 0 150 60
p/103.jpg 1 0 0 150 60
p/102.jpg 1 0 0 150 60
p/100.jpg 1 0 0 150 60
p/99.jpg 1 0 0 150 60
p/97.jpg 1 0 0 150 60
p/109.jpg 1 0 0 150 60
p/106.jpg 1 0 0 150 60
p/88.jpg 1 0 0 150 60
p/91.jpg 1 0 0 150 60
p/105.jpg 1 0 0 150 60
p/86.jpg 1 0 0 150 60
p/87.jpg 1 0 0 150 60
p/94.jpg 1 0 0 150 60
p/95.jpg 1 0 0 150 60
p/89.jpg 1 0 0 150 60
p/90.jpg 1 0 0 150 60
p/92.jpg 1 0 0 150 60
p/93.jpg 1 0 0 150 60
p/108.jpg 1 0 0 150 60
p/85.jpg 1 0 0 150 60
p/107.jpg 1 0 0 150 60
p/43.jpg 1 0 0 150 60
p/42.jpg 1 0 0 150 60
p/41.jpg 1 0 0 150 60
p/39.jpg 1 0 0 150 60
p/37.jpg 1 0 0 150 60
p/34.jpg 1 0 0 150 60
p/32.jpg 1 0 0 150 60
p/30.jpg 1 0 0 150 60
p/38.jpg 1 0 0 150 60
p/35.jpg 1 0 0 150 60
p/33.jpg 1 0 0 150 60
p/31.jpg 1 0 0 150 60
p/29.jpg 1 0 0 150 60
p/28.jpg 1 0 0 150 60
p/27.jpg 1 0 0 150 60
p/26.jpg 1 0 0 150 60
p/25.jpg 1 0 0 150 60
p/24.jpg 1 0 0 150 60
p/23.jpg 1 0 0 150 60
p/21.jpg 1 0 0 150 60
p/20.jpg 1 0 0 150 60
p/19.jpg 1 0 0 150 60
p/18.jpg 1 0 0 150 60
p/17.jpg 1 0 0 150 60
p/16.jpg 1 0 0 150 60
p/15.jpg 1 0 0 150 60
p/14.jpg 1 0 0 150 60
p/13.jpg 1 0 0 150 60
p/12.jpg 1 0 0 150 60
p/10.jpg 1 0 0 150 60
p/9.jpg 1 0 0 150 60
p/8.jpg 1 0 0 150 60
p/7.jpg 1 0 0 150 60
p/6.jpg 1 0 0 150 60
p/5.jpg 1 0 0 150 60
p/4.jpg 1 0 0 150 60
p/3.jpg 1 0 0 150 60
p/2.jpg 1 0 0 150 60
p/1.jpg 1 0 0 150 60
p/59.jpg 1 0 0 150 60
p/58.jpg 1 0 0 150 60
p/54.jpg 1 0 0 150 60
p/45.jpg 1 0 0 150 60
p/44.jpg 1 0 0 150 60
p/36.jpg 1 0 0 150 60
p/22.jpg 1 0 0 150 60
p/11.jpg 1 0 0 150 60
p/0.jpg 1 0 0 150 60
p/40.jpg 1 0 0 150 60