n/1667442633549.jpg
n/1667442633557.jpg
n/1667442633556.jpg
n/1667442633555.jpg
n/1667442633554.jpg
n/1667442633553.jpg
n/1667442633552.jpg
n/1667442633551.jpg
n/1667442633550.jpg
n/1667442633573.jpg
n/1667442633572.jpg
n/1667442633571.jpg
n/1667442633561.jpg
n/1667442633560.jpg
n/1667442633559.jpg
n/1667442633558.jpg
n/1667442633548.jpg
n/1667442633546.jpg
n/Toy-objeto.jpg
n/PTJ-objeto.jpg
n/pat-objeto.jpg
n/ima-objeto.jpg
n/Fdn-objeto.jpg
n/des-objeto.jpg
n/Cap-objeto.jpg
n/AUT-objeto.jpg
n/166-objeto.jpg
n/1667442633547.jpg