p/IMG40.jpg 1 0 0 150 60
p/IMG39.jpg 1 0 0 150 60
p/IMG38.jpg 1 0 0 150 60
p/IMG37.jpg 1 0 0 150 60
p/IMG36.jpg 1 0 0 150 60
p/IMG35.jpg 1 0 0 150 60
p/IMG34.jpg 1 0 0 150 60
p/IMG33.jpg 1 0 0 150 60
p/IMG32.jpg 1 0 0 150 60
p/IMG31.jpg 1 0 0 150 60
p/IMG30.jpg 1 0 0 150 60
p/IMG29.jpg 1 0 0 150 60
p/IMG28.jpg 1 0 0 150 60
p/IMG27.jpg 1 0 0 150 60
p/IMG26.jpg 1 0 0 150 60
p/IMG25.jpg 1 0 0 150 60
p/IMG24.jpg 1 0 0 150 60
p/IMG23.jpg 1 0 0 150 60
p/IMG22.jpg 1 0 0 150 60
p/IMG21.jpg 1 0 0 150 60
p/IMG20.jpg 1 0 0 150 60
p/IMG19.jpg 1 0 0 150 60
p/IMG18.jpg 1 0 0 150 60
p/IMG17.jpg 1 0 0 150 60
p/IMG16.jpg 1 0 0 150 60
p/IMG15.jpg 1 0 0 150 60
p/IMG14.jpg 1 0 0 150 60
p/IMG13.jpg 1 0 0 150 60
p/IMG12.jpg 1 0 0 150 60
p/IMG11.jpg 1 0 0 150 60
p/IMG10.jpg 1 0 0 150 60
p/IMG9.jpg 1 0 0 150 60
p/IMG8.jpg 1 0 0 150 60
p/IMG7.jpg 1 0 0 150 60
p/IMG6.jpg 1 0 0 150 60
p/IMG5.jpg 1 0 0 150 60
p/IMG4.jpg 1 0 0 150 60
p/IMG3.jpg 1 0 0 150 60
p/IMG2.jpg 1 0 0 150 60
p/IMG1.jpg 1 0 0 150 60
p/IMG41.jpg 1 0 0 150 60